<?xml version="1.0" encoding="UTF-8"?>
<testng-results skipped="0" failed="0" ignored="0" total="1" passed="1">
  <reporter-output>
  </reporter-output>
  <suite name="Default suite" duration-ms="7233" started-at="2018-08-14T11:29:43Z" finished-at="2018-08-14T11:29:50Z">
    <groups>
    </groups>
    <test name="Default test" duration-ms="7233" started-at="2018-08-14T11:29:43Z" finished-at="2018-08-14T11:29:50Z">
      <class name="com.bruce.testCases.TestGotoHomePage">
        <test-method status="PASS" signature="setUp()[pri:0, instance:com.bruce.testCases.TestGotoHomePage@754ba872]" name="setUp" is-config="true" duration-ms="37989" started-at="2018-08-14T11:29:05Z" finished-at="2018-08-14T11:29:43Z">
          <reporter-output>
          </reporter-output>
        </test-method> <!-- setUp -->
        <test-method status="PASS" signature="TestSwipIntoHomePage()[pri:1, instance:com.bruce.testCases.TestGotoHomePage@754ba872]" name="TestSwipIntoHomePage" duration-ms="7217" started-at="2018-08-14T11:29:43Z" finished-at="2018-08-14T11:29:50Z">
          <reporter-output>
          </reporter-output>
        </test-method> <!-- TestSwipIntoHomePage -->
        <test-method status="PASS" signature="tearDown()[pri:0, instance:com.bruce.testCases.TestGotoHomePage@754ba872]" name="tearDown" is-config="true" duration-ms="4391" started-at="2018-08-14T11:29:50Z" finished-at="2018-08-14T11:29:54Z">
          <reporter-output>
          </reporter-output>
        </test-method> <!-- tearDown -->
      </class> <!-- com.bruce.testCases.TestGotoHomePage -->
    </test> <!-- Default test -->
  </suite> <!-- Default suite -->
</testng-results>
